<?xml version="1.0" encoding="UTF-8"?>
<!-- Generated by org.testng.reporters.JUnitReportReporter -->
<testsuite skipped="0" hostname="DESKTOP-TNA2MFO" name="Amazon.testAmazon" tests="1" failures="0" timestamp="23 Jun 2017 05:10:13 GMT" time="15.980" errors="0">
  <testcase name="test02" time="15.980" classname="Amazon.testAmazon"/>
</testsuite> <!-- Amazon.testAmazon -->
