<?xml version="1.0" encoding="UTF-8"?>
<!-- Generated by org.testng.reporters.JUnitReportReporter -->
<testsuite skipped="0" hostname="DESKTOP-TNA2MFO" name="Amazon.testAmazon" tests="1" failures="0" timestamp="23 Jun 2017 09:45:42 GMT" time="19.401" errors="0">
  <testcase name="test02" time="19.401" classname="Amazon.testAmazon"/>
</testsuite> <!-- Amazon.testAmazon -->
